c:\repos\sfml\sfml\debug\vc141.pdb
c:\repos\sfml\sfml\debug\vc141.idb
c:\repos\sfml\sfml\debug\main.obj
c:\repos\sfml\sfml\debug\animation.obj
c:\repos\sfml\sfml\debug\player.obj
c:\repos\sfml\sfml\debug\collision.obj
c:\repos\sfml\sfml\debug\platform.obj
c:\repos\sfml\sfml\debug\statemachine.obj
c:\repos\sfml\sfml\debug\state.obj
c:\repos\sfml\sfml\debug\inputmanager.obj
c:\repos\sfml\sfml\debug\assetmanager.obj
c:\repos\sfml\sfml\debug\game.obj
c:\repos\sfml\sfml\debug\definitions.obj
c:\repos\sfml\sfml\debug\splashstate.obj
c:\repos\sfml\sfml\debug\mainmenustate.obj
c:\repos\sfml\debug\sfml.exe
c:\repos\sfml\debug\sfml.ilk
c:\repos\sfml\debug\sfml.pdb
c:\repos\sfml\sfml\debug\sfml.tlog\cl.command.1.tlog
c:\repos\sfml\sfml\debug\sfml.tlog\cl.read.1.tlog
c:\repos\sfml\sfml\debug\sfml.tlog\cl.write.1.tlog
c:\repos\sfml\sfml\debug\sfml.tlog\link.command.1.tlog
c:\repos\sfml\sfml\debug\sfml.tlog\link.read.1.tlog
c:\repos\sfml\sfml\debug\sfml.tlog\link.write.1.tlog
